{"C:\\projects\\clothing\\client\\src\\App.js": {"path":"C:\\projects\\clothing\\client\\src\\App.js","statementMap":{"0":{"start":{"line":12,"column":17},"end":{"line":12,"column":55}},"1":{"start":{"line":12,"column":28},"end":{"line":12,"column":54}},"2":{"start":{"line":14,"column":17},"end":{"line":14,"column":55}},"3":{"start":{"line":14,"column":28},"end":{"line":14,"column":54}},"4":{"start":{"line":16,"column":19},"end":{"line":16,"column":59}},"5":{"start":{"line":16,"column":30},"end":{"line":16,"column":58}},"6":{"start":{"line":18,"column":21},"end":{"line":18,"column":63}},"7":{"start":{"line":18,"column":32},"end":{"line":18,"column":62}},"8":{"start":{"line":21,"column":19},"end":{"line":62,"column":1}},"9":{"start":{"line":23,"column":2},"end":{"line":45,"column":23}},"10":{"start":{"line":24,"column":32},"end":{"line":40,"column":6}},"11":{"start":{"line":25,"column":6},"end":{"line":39,"column":7}},"12":{"start":{"line":26,"column":24},"end":{"line":26,"column":65}},"13":{"start":{"line":28,"column":8},"end":{"line":35,"column":11}},"14":{"start":{"line":29,"column":10},"end":{"line":29,"column":39}},"15":{"start":{"line":31,"column":10},"end":{"line":34,"column":13}},"16":{"start":{"line":38,"column":8},"end":{"line":38,"column":33}},"17":{"start":{"line":42,"column":4},"end":{"line":44,"column":5}},"18":{"start":{"line":43,"column":6},"end":{"line":43,"column":28}},"19":{"start":{"line":47,"column":2},"end":{"line":61,"column":4}},"20":{"start":{"line":55,"column":54},"end":{"line":55,"column":103}},"21":{"start":{"line":111,"column":24},"end":{"line":115,"column":2}},"22":{"start":{"line":111,"column":36},"end":{"line":115,"column":1}},"23":{"start":{"line":117,"column":28},"end":{"line":119,"column":1}}},"fnMap":{"0":{"name":"(anonymous_0)","decl":{"start":{"line":12,"column":22},"end":{"line":12,"column":23}},"loc":{"start":{"line":12,"column":28},"end":{"line":12,"column":54}},"line":12},"1":{"name":"(anonymous_1)","decl":{"start":{"line":14,"column":22},"end":{"line":14,"column":23}},"loc":{"start":{"line":14,"column":28},"end":{"line":14,"column":54}},"line":14},"2":{"name":"(anonymous_2)","decl":{"start":{"line":16,"column":24},"end":{"line":16,"column":25}},"loc":{"start":{"line":16,"column":30},"end":{"line":16,"column":58}},"line":16},"3":{"name":"(anonymous_3)","decl":{"start":{"line":18,"column":26},"end":{"line":18,"column":27}},"loc":{"start":{"line":18,"column":32},"end":{"line":18,"column":62}},"line":18},"4":{"name":"(anonymous_4)","decl":{"start":{"line":21,"column":19},"end":{"line":21,"column":20}},"loc":{"start":{"line":21,"column":74},"end":{"line":62,"column":1}},"line":21},"5":{"name":"(anonymous_5)","decl":{"start":{"line":23,"column":12},"end":{"line":23,"column":13}},"loc":{"start":{"line":23,"column":18},"end":{"line":45,"column":3}},"line":23},"6":{"name":"(anonymous_6)","decl":{"start":{"line":24,"column":56},"end":{"line":24,"column":57}},"loc":{"start":{"line":24,"column":74},"end":{"line":40,"column":5}},"line":24},"7":{"name":"(anonymous_7)","decl":{"start":{"line":28,"column":27},"end":{"line":28,"column":28}},"loc":{"start":{"line":28,"column":39},"end":{"line":35,"column":9}},"line":28},"8":{"name":"(anonymous_8)","decl":{"start":{"line":42,"column":11},"end":{"line":42,"column":12}},"loc":{"start":{"line":42,"column":17},"end":{"line":44,"column":5}},"line":42},"9":{"name":"(anonymous_9)","decl":{"start":{"line":55,"column":48},"end":{"line":55,"column":49}},"loc":{"start":{"line":55,"column":54},"end":{"line":55,"column":103}},"line":55},"10":{"name":"(anonymous_10)","decl":{"start":{"line":111,"column":24},"end":{"line":111,"column":25}},"loc":{"start":{"line":111,"column":36},"end":{"line":115,"column":1}},"line":111}},"branchMap":{"0":{"loc":{"start":{"line":25,"column":6},"end":{"line":39,"column":7}},"type":"if","locations":[{"start":{"line":25,"column":6},"end":{"line":39,"column":7}},{"start":{"line":25,"column":6},"end":{"line":39,"column":7}}],"line":25},"1":{"loc":{"start":{"line":55,"column":54},"end":{"line":55,"column":103}},"type":"cond-expr","locations":[{"start":{"line":55,"column":68},"end":{"line":55,"column":86}},{"start":{"line":55,"column":89},"end":{"line":55,"column":103}}],"line":55}},"s":{"0":0,"1":0,"2":0,"3":0,"4":0,"5":0,"6":0,"7":0,"8":0,"9":0,"10":0,"11":0,"12":0,"13":0,"14":0,"15":0,"16":0,"17":0,"18":0,"19":0,"20":0,"21":0,"22":0,"23":0},"f":{"0":0,"1":0,"2":0,"3":0,"4":0,"5":0,"6":0,"7":0,"8":0,"9":0,"10":0},"b":{"0":[0,0],"1":[0,0]},"hash":"5f1d318f692e7b74f4a75f6d720512a5ddf87f32"}
,"C:\\projects\\clothing\\client\\src\\index.js": {"path":"C:\\projects\\clothing\\client\\src\\index.js","statementMap":{"0":{"start":{"line":12,"column":0},"end":{"line":23,"column":2}},"1":{"start":{"line":26,"column":0},"end":{"line":26,"column":25}}},"fnMap":{},"branchMap":{},"s":{"0":0,"1":0},"f":{},"b":{},"hash":"d65a7423dd9ba1a76c24e46cf258c8e6dc2fea28"}
,"C:\\projects\\clothing\\client\\src\\serviceWorker.js": {"path":"C:\\projects\\clothing\\client\\src\\serviceWorker.js","statementMap":{"0":{"start":{"line":13,"column":20},"end":{"line":21,"column":1}},"1":{"start":{"line":24,"column":2},"end":{"line":54,"column":3}},"2":{"start":{"line":26,"column":22},"end":{"line":26,"column":75}},"3":{"start":{"line":27,"column":4},"end":{"line":32,"column":5}},"4":{"start":{"line":31,"column":6},"end":{"line":31,"column":13}},"5":{"start":{"line":34,"column":4},"end":{"line":53,"column":7}},"6":{"start":{"line":35,"column":20},"end":{"line":35,"column":65}},"7":{"start":{"line":37,"column":6},"end":{"line":52,"column":7}},"8":{"start":{"line":39,"column":8},"end":{"line":39,"column":47}},"9":{"start":{"line":43,"column":8},"end":{"line":48,"column":11}},"10":{"start":{"line":44,"column":10},"end":{"line":47,"column":12}},"11":{"start":{"line":51,"column":8},"end":{"line":51,"column":39}},"12":{"start":{"line":58,"column":2},"end":{"line":98,"column":7}},"13":{"start":{"line":61,"column":6},"end":{"line":94,"column":8}},"14":{"start":{"line":62,"column":33},"end":{"line":62,"column":56}},"15":{"start":{"line":63,"column":8},"end":{"line":65,"column":9}},"16":{"start":{"line":64,"column":10},"end":{"line":64,"column":17}},"17":{"start":{"line":66,"column":8},"end":{"line":93,"column":10}},"18":{"start":{"line":67,"column":10},"end":{"line":92,"column":11}},"19":{"start":{"line":68,"column":12},"end":{"line":91,"column":13}},"20":{"start":{"line":72,"column":14},"end":{"line":75,"column":16}},"21":{"start":{"line":78,"column":14},"end":{"line":80,"column":15}},"22":{"start":{"line":79,"column":16},"end":{"line":79,"column":46}},"23":{"start":{"line":85,"column":14},"end":{"line":85,"column":64}},"24":{"start":{"line":88,"column":14},"end":{"line":90,"column":15}},"25":{"start":{"line":89,"column":16},"end":{"line":89,"column":47}},"26":{"start":{"line":97,"column":6},"end":{"line":97,"column":72}},"27":{"start":{"line":103,"column":2},"end":{"line":128,"column":7}},"28":{"start":{"line":108,"column":26},"end":{"line":108,"column":62}},"29":{"start":{"line":109,"column":6},"end":{"line":122,"column":7}},"30":{"start":{"line":114,"column":8},"end":{"line":118,"column":11}},"31":{"start":{"line":115,"column":10},"end":{"line":117,"column":13}},"32":{"start":{"line":116,"column":12},"end":{"line":116,"column":37}},"33":{"start":{"line":121,"column":8},"end":{"line":121,"column":39}},"34":{"start":{"line":125,"column":6},"end":{"line":127,"column":8}},"35":{"start":{"line":132,"column":2},"end":{"line":140,"column":3}},"36":{"start":{"line":133,"column":4},"end":{"line":139,"column":9}},"37":{"start":{"line":135,"column":8},"end":{"line":135,"column":34}},"38":{"start":{"line":138,"column":8},"end":{"line":138,"column":37}}},"fnMap":{"0":{"name":"register","decl":{"start":{"line":23,"column":16},"end":{"line":23,"column":24}},"loc":{"start":{"line":23,"column":33},"end":{"line":55,"column":1}},"line":23},"1":{"name":"(anonymous_1)","decl":{"start":{"line":34,"column":36},"end":{"line":34,"column":37}},"loc":{"start":{"line":34,"column":42},"end":{"line":53,"column":5}},"line":34},"2":{"name":"(anonymous_2)","decl":{"start":{"line":43,"column":43},"end":{"line":43,"column":44}},"loc":{"start":{"line":43,"column":49},"end":{"line":48,"column":9}},"line":43},"3":{"name":"registerValidSW","decl":{"start":{"line":57,"column":9},"end":{"line":57,"column":24}},"loc":{"start":{"line":57,"column":40},"end":{"line":99,"column":1}},"line":57},"4":{"name":"(anonymous_4)","decl":{"start":{"line":60,"column":10},"end":{"line":60,"column":11}},"loc":{"start":{"line":60,"column":26},"end":{"line":95,"column":5}},"line":60},"5":{"name":"(anonymous_5)","decl":{"start":{"line":61,"column":35},"end":{"line":61,"column":36}},"loc":{"start":{"line":61,"column":41},"end":{"line":94,"column":7}},"line":61},"6":{"name":"(anonymous_6)","decl":{"start":{"line":66,"column":41},"end":{"line":66,"column":42}},"loc":{"start":{"line":66,"column":47},"end":{"line":93,"column":9}},"line":66},"7":{"name":"(anonymous_7)","decl":{"start":{"line":96,"column":11},"end":{"line":96,"column":12}},"loc":{"start":{"line":96,"column":20},"end":{"line":98,"column":5}},"line":96},"8":{"name":"checkValidServiceWorker","decl":{"start":{"line":101,"column":9},"end":{"line":101,"column":32}},"loc":{"start":{"line":101,"column":48},"end":{"line":129,"column":1}},"line":101},"9":{"name":"(anonymous_9)","decl":{"start":{"line":106,"column":10},"end":{"line":106,"column":11}},"loc":{"start":{"line":106,"column":22},"end":{"line":123,"column":5}},"line":106},"10":{"name":"(anonymous_10)","decl":{"start":{"line":114,"column":43},"end":{"line":114,"column":44}},"loc":{"start":{"line":114,"column":59},"end":{"line":118,"column":9}},"line":114},"11":{"name":"(anonymous_11)","decl":{"start":{"line":115,"column":41},"end":{"line":115,"column":42}},"loc":{"start":{"line":115,"column":47},"end":{"line":117,"column":11}},"line":115},"12":{"name":"(anonymous_12)","decl":{"start":{"line":124,"column":11},"end":{"line":124,"column":12}},"loc":{"start":{"line":124,"column":17},"end":{"line":128,"column":5}},"line":124},"13":{"name":"unregister","decl":{"start":{"line":131,"column":16},"end":{"line":131,"column":26}},"loc":{"start":{"line":131,"column":29},"end":{"line":141,"column":1}},"line":131},"14":{"name":"(anonymous_14)","decl":{"start":{"line":134,"column":12},"end":{"line":134,"column":13}},"loc":{"start":{"line":134,"column":28},"end":{"line":136,"column":7}},"line":134},"15":{"name":"(anonymous_15)","decl":{"start":{"line":137,"column":13},"end":{"line":137,"column":14}},"loc":{"start":{"line":137,"column":22},"end":{"line":139,"column":7}},"line":137}},"branchMap":{"0":{"loc":{"start":{"line":14,"column":2},"end":{"line":20,"column":5}},"type":"binary-expr","locations":[{"start":{"line":14,"column":2},"end":{"line":14,"column":42}},{"start":{"line":16,"column":4},"end":{"line":16,"column":40}},{"start":{"line":18,"column":4},"end":{"line":20,"column":5}}],"line":14},"1":{"loc":{"start":{"line":24,"column":2},"end":{"line":54,"column":3}},"type":"if","locations":[{"start":{"line":24,"column":2},"end":{"line":54,"column":3}},{"start":{"line":24,"column":2},"end":{"line":54,"column":3}}],"line":24},"2":{"loc":{"start":{"line":24,"column":6},"end":{"line":24,"column":75}},"type":"binary-expr","locations":[{"start":{"line":24,"column":6},"end":{"line":24,"column":43}},{"start":{"line":24,"column":47},"end":{"line":24,"column":75}}],"line":24},"3":{"loc":{"start":{"line":27,"column":4},"end":{"line":32,"column":5}},"type":"if","locations":[{"start":{"line":27,"column":4},"end":{"line":32,"column":5}},{"start":{"line":27,"column":4},"end":{"line":32,"column":5}}],"line":27},"4":{"loc":{"start":{"line":37,"column":6},"end":{"line":52,"column":7}},"type":"if","locations":[{"start":{"line":37,"column":6},"end":{"line":52,"column":7}},{"start":{"line":37,"column":6},"end":{"line":52,"column":7}}],"line":37},"5":{"loc":{"start":{"line":63,"column":8},"end":{"line":65,"column":9}},"type":"if","locations":[{"start":{"line":63,"column":8},"end":{"line":65,"column":9}},{"start":{"line":63,"column":8},"end":{"line":65,"column":9}}],"line":63},"6":{"loc":{"start":{"line":67,"column":10},"end":{"line":92,"column":11}},"type":"if","locations":[{"start":{"line":67,"column":10},"end":{"line":92,"column":11}},{"start":{"line":67,"column":10},"end":{"line":92,"column":11}}],"line":67},"7":{"loc":{"start":{"line":68,"column":12},"end":{"line":91,"column":13}},"type":"if","locations":[{"start":{"line":68,"column":12},"end":{"line":91,"column":13}},{"start":{"line":68,"column":12},"end":{"line":91,"column":13}}],"line":68},"8":{"loc":{"start":{"line":78,"column":14},"end":{"line":80,"column":15}},"type":"if","locations":[{"start":{"line":78,"column":14},"end":{"line":80,"column":15}},{"start":{"line":78,"column":14},"end":{"line":80,"column":15}}],"line":78},"9":{"loc":{"start":{"line":78,"column":18},"end":{"line":78,"column":43}},"type":"binary-expr","locations":[{"start":{"line":78,"column":18},"end":{"line":78,"column":24}},{"start":{"line":78,"column":28},"end":{"line":78,"column":43}}],"line":78},"10":{"loc":{"start":{"line":88,"column":14},"end":{"line":90,"column":15}},"type":"if","locations":[{"start":{"line":88,"column":14},"end":{"line":90,"column":15}},{"start":{"line":88,"column":14},"end":{"line":90,"column":15}}],"line":88},"11":{"loc":{"start":{"line":88,"column":18},"end":{"line":88,"column":44}},"type":"binary-expr","locations":[{"start":{"line":88,"column":18},"end":{"line":88,"column":24}},{"start":{"line":88,"column":28},"end":{"line":88,"column":44}}],"line":88},"12":{"loc":{"start":{"line":109,"column":6},"end":{"line":122,"column":7}},"type":"if","locations":[{"start":{"line":109,"column":6},"end":{"line":122,"column":7}},{"start":{"line":109,"column":6},"end":{"line":122,"column":7}}],"line":109},"13":{"loc":{"start":{"line":110,"column":8},"end":{"line":111,"column":73}},"type":"binary-expr","locations":[{"start":{"line":110,"column":8},"end":{"line":110,"column":31}},{"start":{"line":111,"column":9},"end":{"line":111,"column":28}},{"start":{"line":111,"column":32},"end":{"line":111,"column":72}}],"line":110},"14":{"loc":{"start":{"line":132,"column":2},"end":{"line":140,"column":3}},"type":"if","locations":[{"start":{"line":132,"column":2},"end":{"line":140,"column":3}},{"start":{"line":132,"column":2},"end":{"line":140,"column":3}}],"line":132}},"s":{"0":0,"1":0,"2":0,"3":0,"4":0,"5":0,"6":0,"7":0,"8":0,"9":0,"10":0,"11":0,"12":0,"13":0,"14":0,"15":0,"16":0,"17":0,"18":0,"19":0,"20":0,"21":0,"22":0,"23":0,"24":0,"25":0,"26":0,"27":0,"28":0,"29":0,"30":0,"31":0,"32":0,"33":0,"34":0,"35":0,"36":0,"37":0,"38":0},"f":{"0":0,"1":0,"2":0,"3":0,"4":0,"5":0,"6":0,"7":0,"8":0,"9":0,"10":0,"11":0,"12":0,"13":0,"14":0,"15":0},"b":{"0":[0,0,0],"1":[0,0],"2":[0,0],"3":[0,0],"4":[0,0],"5":[0,0],"6":[0,0],"7":[0,0],"8":[0,0],"9":[0,0],"10":[0,0],"11":[0,0],"12":[0,0],"13":[0,0,0],"14":[0,0]},"hash":"6dadbfc82370ede14c6dec2ec14617fea9abc6f8"}
,"C:\\projects\\clothing\\client\\src\\components\\CartDropdown.js": {"path":"C:\\projects\\clothing\\client\\src\\components\\CartDropdown.js","statementMap":{"0":{"start":{"line":10,"column":21},"end":{"line":32,"column":1}},"1":{"start":{"line":11,"column":20},"end":{"line":11,"column":32}},"2":{"start":{"line":13,"column":24},"end":{"line":18,"column":31}},"3":{"start":{"line":15,"column":8},"end":{"line":15,"column":34}},"4":{"start":{"line":17,"column":7},"end":{"line":17,"column":22}},"5":{"start":{"line":20,"column":4},"end":{"line":31,"column":6}},"6":{"start":{"line":25,"column":42},"end":{"line":25,"column":88}},"7":{"start":{"line":34,"column":24},"end":{"line":36,"column":2}},"8":{"start":{"line":34,"column":39},"end":{"line":36,"column":1}},"9":{"start":{"line":38,"column":27},"end":{"line":40,"column":1}}},"fnMap":{"0":{"name":"(anonymous_0)","decl":{"start":{"line":10,"column":21},"end":{"line":10,"column":22}},"loc":{"start":{"line":10,"column":54},"end":{"line":32,"column":1}},"line":10},"1":{"name":"(anonymous_1)","decl":{"start":{"line":13,"column":36},"end":{"line":13,"column":37}},"loc":{"start":{"line":13,"column":42},"end":{"line":18,"column":5}},"line":13},"2":{"name":"(anonymous_2)","decl":{"start":{"line":25,"column":30},"end":{"line":25,"column":31}},"loc":{"start":{"line":25,"column":42},"end":{"line":25,"column":88}},"line":25},"3":{"name":"(anonymous_3)","decl":{"start":{"line":34,"column":24},"end":{"line":34,"column":25}},"loc":{"start":{"line":34,"column":39},"end":{"line":36,"column":1}},"line":34}},"branchMap":{"0":{"loc":{"start":{"line":24,"column":16},"end":{"line":26,"column":73}},"type":"cond-expr","locations":[{"start":{"line":25,"column":16},"end":{"line":25,"column":89}},{"start":{"line":26,"column":16},"end":{"line":26,"column":73}}],"line":24}},"s":{"0":0,"1":0,"2":0,"3":0,"4":0,"5":0,"6":0,"7":0,"8":0,"9":0},"f":{"0":0,"1":0,"2":0,"3":0},"b":{"0":[0,0]},"hash":"8f468d85b817360d84d384c21f6a0bc7a7bd86e1"}
,"C:\\projects\\clothing\\client\\src\\components\\CartIcon.js": {"path":"C:\\projects\\clothing\\client\\src\\components\\CartIcon.js","statementMap":{"0":{"start":{"line":8,"column":17},"end":{"line":13,"column":1}},"1":{"start":{"line":9,"column":4},"end":{"line":12,"column":10}},"2":{"start":{"line":16,"column":24},"end":{"line":18,"column":2}},"3":{"start":{"line":16,"column":39},"end":{"line":18,"column":1}},"4":{"start":{"line":17,"column":64},"end":{"line":17,"column":99}},"5":{"start":{"line":20,"column":28},"end":{"line":22,"column":1}}},"fnMap":{"0":{"name":"(anonymous_0)","decl":{"start":{"line":8,"column":17},"end":{"line":8,"column":18}},"loc":{"start":{"line":9,"column":4},"end":{"line":12,"column":10}},"line":9},"1":{"name":"(anonymous_1)","decl":{"start":{"line":16,"column":24},"end":{"line":16,"column":25}},"loc":{"start":{"line":16,"column":39},"end":{"line":18,"column":1}},"line":16},"2":{"name":"(anonymous_2)","decl":{"start":{"line":17,"column":33},"end":{"line":17,"column":34}},"loc":{"start":{"line":17,"column":64},"end":{"line":17,"column":99}},"line":17}},"branchMap":{},"s":{"0":0,"1":0,"2":0,"3":0,"4":0,"5":0},"f":{"0":0,"1":0,"2":0},"b":{},"hash":"5eafd670d4ad34a5914f49b209952d3f298aa184"}
,"C:\\projects\\clothing\\client\\src\\components\\CartItem.js": {"path":"C:\\projects\\clothing\\client\\src\\components\\CartItem.js","statementMap":{"0":{"start":{"line":5,"column":17},"end":{"line":14,"column":1}},"1":{"start":{"line":7,"column":4},"end":{"line":13,"column":10}}},"fnMap":{"0":{"name":"(anonymous_0)","decl":{"start":{"line":5,"column":17},"end":{"line":5,"column":18}},"loc":{"start":{"line":7,"column":4},"end":{"line":13,"column":10}},"line":7}},"branchMap":{},"s":{"0":1,"1":1},"f":{"0":1},"b":{},"_coverageSchema":"43e27e138ebf9cfc5966b082cf9a028302ed4184","hash":"e54d5f6771236ac6b7b1f04cb9eab95ca7af51be"}
,"C:\\projects\\clothing\\client\\src\\components\\CategoriesOverview.js": {"path":"C:\\projects\\clothing\\client\\src\\components\\CategoriesOverview.js","statementMap":{"0":{"start":{"line":7,"column":27},"end":{"line":16,"column":1}},"1":{"start":{"line":8,"column":4},"end":{"line":15,"column":10}},"2":{"start":{"line":10,"column":12},"end":{"line":13,"column":14}},"3":{"start":{"line":18,"column":24},"end":{"line":20,"column":2}},"4":{"start":{"line":18,"column":40},"end":{"line":20,"column":1}},"5":{"start":{"line":19,"column":77},"end":{"line":19,"column":98}}},"fnMap":{"0":{"name":"(anonymous_0)","decl":{"start":{"line":7,"column":27},"end":{"line":7,"column":28}},"loc":{"start":{"line":8,"column":4},"end":{"line":15,"column":10}},"line":8},"1":{"name":"(anonymous_1)","decl":{"start":{"line":9,"column":25},"end":{"line":9,"column":26}},"loc":{"start":{"line":10,"column":12},"end":{"line":13,"column":14}},"line":10},"2":{"name":"(anonymous_2)","decl":{"start":{"line":18,"column":24},"end":{"line":18,"column":25}},"loc":{"start":{"line":18,"column":40},"end":{"line":20,"column":1}},"line":18},"3":{"name":"(anonymous_3)","decl":{"start":{"line":19,"column":70},"end":{"line":19,"column":71}},"loc":{"start":{"line":19,"column":77},"end":{"line":19,"column":98}},"line":19}},"branchMap":{"0":{"loc":{"start":{"line":19,"column":17},"end":{"line":19,"column":104}},"type":"cond-expr","locations":[{"start":{"line":19,"column":36},"end":{"line":19,"column":99}},{"start":{"line":19,"column":102},"end":{"line":19,"column":104}}],"line":19}},"s":{"0":0,"1":0,"2":0,"3":0,"4":0,"5":0},"f":{"0":0,"1":0,"2":0,"3":0},"b":{"0":[0,0]},"hash":"5d2ef680b9961b2afcfa847fd636594c0a49e68b"}
,"C:\\projects\\clothing\\client\\src\\components\\CategoryItem.js": {"path":"C:\\projects\\clothing\\client\\src\\components\\CategoryItem.js","statementMap":{"0":{"start":{"line":8,"column":21},"end":{"line":31,"column":1}},"1":{"start":{"line":10,"column":38},"end":{"line":10,"column":42}},"2":{"start":{"line":12,"column":24},"end":{"line":14,"column":23}},"3":{"start":{"line":13,"column":8},"end":{"line":13,"column":22}},"4":{"start":{"line":16,"column":4},"end":{"line":30,"column":6}},"5":{"start":{"line":33,"column":28},"end":{"line":35,"column":1}}},"fnMap":{"0":{"name":"(anonymous_0)","decl":{"start":{"line":8,"column":21},"end":{"line":8,"column":22}},"loc":{"start":{"line":8,"column":44},"end":{"line":31,"column":1}},"line":8},"1":{"name":"(anonymous_1)","decl":{"start":{"line":12,"column":36},"end":{"line":12,"column":37}},"loc":{"start":{"line":12,"column":42},"end":{"line":14,"column":5}},"line":12}},"branchMap":{},"s":{"0":1,"1":0,"2":0,"3":0,"4":0,"5":1},"f":{"0":0,"1":0},"b":{},"_coverageSchema":"43e27e138ebf9cfc5966b082cf9a028302ed4184","hash":"8702179f84b67e49a57966989bf57ab0d7febbef"}
,"C:\\projects\\clothing\\client\\src\\components\\CategoryPreview.js": {"path":"C:\\projects\\clothing\\client\\src\\components\\CategoryPreview.js","statementMap":{"0":{"start":{"line":6,"column":24},"end":{"line":18,"column":1}},"1":{"start":{"line":8,"column":4},"end":{"line":17,"column":6}},"2":{"start":{"line":12,"column":45},"end":{"line":12,"column":54}},"3":{"start":{"line":13,"column":20},"end":{"line":13,"column":62}}},"fnMap":{"0":{"name":"(anonymous_0)","decl":{"start":{"line":6,"column":24},"end":{"line":6,"column":25}},"loc":{"start":{"line":6,"column":46},"end":{"line":18,"column":1}},"line":6},"1":{"name":"(anonymous_1)","decl":{"start":{"line":12,"column":30},"end":{"line":12,"column":31}},"loc":{"start":{"line":12,"column":45},"end":{"line":12,"column":54}},"line":12},"2":{"name":"(anonymous_2)","decl":{"start":{"line":12,"column":60},"end":{"line":12,"column":61}},"loc":{"start":{"line":13,"column":20},"end":{"line":13,"column":62}},"line":13}},"branchMap":{},"s":{"0":1,"1":1,"2":1,"3":1},"f":{"0":1,"1":1,"2":1},"b":{},"_coverageSchema":"43e27e138ebf9cfc5966b082cf9a028302ed4184","hash":"10cf84b8813526966214360cce6e8073c18766d0"}
,"C:\\projects\\clothing\\client\\src\\components\\CheckoutItem.js": {"path":"C:\\projects\\clothing\\client\\src\\components\\CheckoutItem.js","statementMap":{"0":{"start":{"line":7,"column":21},"end":{"line":39,"column":1}},"1":{"start":{"line":9,"column":27},"end":{"line":11,"column":23}},"2":{"start":{"line":10,"column":8},"end":{"line":10,"column":22}},"3":{"start":{"line":14,"column":30},"end":{"line":16,"column":26}},"4":{"start":{"line":15,"column":8},"end":{"line":15,"column":25}},"5":{"start":{"line":19,"column":34},"end":{"line":21,"column":30}},"6":{"start":{"line":20,"column":8},"end":{"line":20,"column":32}},"7":{"start":{"line":23,"column":4},"end":{"line":37,"column":6}},"8":{"start":{"line":42,"column":27},"end":{"line":46,"column":1}}},"fnMap":{"0":{"name":"(anonymous_0)","decl":{"start":{"line":7,"column":21},"end":{"line":7,"column":22}},"loc":{"start":{"line":7,"column":72},"end":{"line":39,"column":1}},"line":7},"1":{"name":"(anonymous_1)","decl":{"start":{"line":9,"column":39},"end":{"line":9,"column":40}},"loc":{"start":{"line":9,"column":45},"end":{"line":11,"column":5}},"line":9},"2":{"name":"(anonymous_2)","decl":{"start":{"line":14,"column":42},"end":{"line":14,"column":43}},"loc":{"start":{"line":14,"column":48},"end":{"line":16,"column":5}},"line":14},"3":{"name":"(anonymous_3)","decl":{"start":{"line":19,"column":46},"end":{"line":19,"column":47}},"loc":{"start":{"line":19,"column":52},"end":{"line":21,"column":5}},"line":19}},"branchMap":{},"s":{"0":0,"1":0,"2":0,"3":0,"4":0,"5":0,"6":0,"7":0,"8":0},"f":{"0":0,"1":0,"2":0,"3":0},"b":{},"hash":"d3c79b117b4a047031d0758620ec2a09fefe736a"}
,"C:\\projects\\clothing\\client\\src\\components\\CustomButton.js": {"path":"C:\\projects\\clothing\\client\\src\\components\\CustomButton.js","statementMap":{"0":{"start":{"line":6,"column":21},"end":{"line":15,"column":1}},"1":{"start":{"line":8,"column":4},"end":{"line":14,"column":13}}},"fnMap":{"0":{"name":"(anonymous_0)","decl":{"start":{"line":6,"column":21},"end":{"line":6,"column":22}},"loc":{"start":{"line":8,"column":4},"end":{"line":14,"column":13}},"line":8}},"branchMap":{"0":{"loc":{"start":{"line":8,"column":26},"end":{"line":8,"column":64}},"type":"cond-expr","locations":[{"start":{"line":8,"column":43},"end":{"line":8,"column":59}},{"start":{"line":8,"column":62},"end":{"line":8,"column":64}}],"line":8},"1":{"loc":{"start":{"line":9,"column":10},"end":{"line":9,"column":36}},"type":"cond-expr","locations":[{"start":{"line":9,"column":21},"end":{"line":9,"column":31}},{"start":{"line":9,"column":34},"end":{"line":9,"column":36}}],"line":9}},"s":{"0":4,"1":1},"f":{"0":1},"b":{"0":[0,1],"1":[0,1]},"_coverageSchema":"43e27e138ebf9cfc5966b082cf9a028302ed4184","hash":"a6290d40ad61c97b8c7e0299515157b7250010eb"}
,"C:\\projects\\clothing\\client\\src\\components\\Directory.js": {"path":"C:\\projects\\clothing\\client\\src\\components\\Directory.js","statementMap":{"0":{"start":{"line":7,"column":18},"end":{"line":11,"column":1}},"1":{"start":{"line":8,"column":4},"end":{"line":10,"column":10}},"2":{"start":{"line":9,"column":33},"end":{"line":9,"column":75}},"3":{"start":{"line":13,"column":24},"end":{"line":15,"column":2}},"4":{"start":{"line":13,"column":44},"end":{"line":15,"column":1}}},"fnMap":{"0":{"name":"(anonymous_0)","decl":{"start":{"line":7,"column":18},"end":{"line":7,"column":19}},"loc":{"start":{"line":8,"column":4},"end":{"line":10,"column":10}},"line":8},"1":{"name":"(anonymous_1)","decl":{"start":{"line":9,"column":22},"end":{"line":9,"column":23}},"loc":{"start":{"line":9,"column":33},"end":{"line":9,"column":75}},"line":9},"2":{"name":"(anonymous_2)","decl":{"start":{"line":13,"column":24},"end":{"line":13,"column":25}},"loc":{"start":{"line":13,"column":44},"end":{"line":15,"column":1}},"line":13}},"branchMap":{},"s":{"0":0,"1":0,"2":0,"3":0,"4":0},"f":{"0":0,"1":0,"2":0},"b":{},"hash":"55edfeb7cd3fc07aecb9b206cd9cea3f8340c77d"}
,"C:\\projects\\clothing\\client\\src\\components\\ErrorBoundary.js": {"path":"C:\\projects\\clothing\\client\\src\\components\\ErrorBoundary.js","statementMap":{"0":{"start":{"line":5,"column":12},"end":{"line":7,"column":5}},"1":{"start":{"line":11,"column":8},"end":{"line":11,"column":34}},"2":{"start":{"line":15,"column":8},"end":{"line":15,"column":26}},"3":{"start":{"line":19,"column":31},"end":{"line":19,"column":41}},"4":{"start":{"line":20,"column":8},"end":{"line":21,"column":31}}},"fnMap":{"0":{"name":"(anonymous_0)","decl":{"start":{"line":9,"column":4},"end":{"line":9,"column":5}},"loc":{"start":{"line":9,"column":43},"end":{"line":12,"column":5}},"line":9},"1":{"name":"(anonymous_1)","decl":{"start":{"line":14,"column":4},"end":{"line":14,"column":5}},"loc":{"start":{"line":14,"column":35},"end":{"line":16,"column":5}},"line":14},"2":{"name":"(anonymous_2)","decl":{"start":{"line":18,"column":4},"end":{"line":18,"column":5}},"loc":{"start":{"line":18,"column":13},"end":{"line":22,"column":5}},"line":18}},"branchMap":{"0":{"loc":{"start":{"line":20,"column":15},"end":{"line":21,"column":31}},"type":"cond-expr","locations":[{"start":{"line":20,"column":28},"end":{"line":20,"column":59}},{"start":{"line":21,"column":12},"end":{"line":21,"column":31}}],"line":20}},"s":{"0":1,"1":0,"2":0,"3":1,"4":1},"f":{"0":0,"1":0,"2":1},"b":{"0":[0,1]},"_coverageSchema":"43e27e138ebf9cfc5966b082cf9a028302ed4184","hash":"7e813d20948ae08ebd46f59f23cc429654476be1"}
,"C:\\projects\\clothing\\client\\src\\components\\FormInput.js": {"path":"C:\\projects\\clothing\\client\\src\\components\\FormInput.js","statementMap":{"0":{"start":{"line":5,"column":18},"end":{"line":20,"column":1}},"1":{"start":{"line":6,"column":4},"end":{"line":19,"column":10}}},"fnMap":{"0":{"name":"(anonymous_0)","decl":{"start":{"line":5,"column":18},"end":{"line":5,"column":19}},"loc":{"start":{"line":6,"column":4},"end":{"line":19,"column":10}},"line":6}},"branchMap":{"0":{"loc":{"start":{"line":13,"column":12},"end":{"line":17,"column":18}},"type":"cond-expr","locations":[{"start":{"line":14,"column":12},"end":{"line":16,"column":20}},{"start":{"line":17,"column":14},"end":{"line":17,"column":18}}],"line":13},"1":{"loc":{"start":{"line":14,"column":57},"end":{"line":14,"column":95}},"type":"cond-expr","locations":[{"start":{"line":14,"column":82},"end":{"line":14,"column":90}},{"start":{"line":14,"column":93},"end":{"line":14,"column":95}}],"line":14}},"s":{"0":3,"1":1},"f":{"0":1},"b":{"0":[0,1],"1":[0,0]},"_coverageSchema":"43e27e138ebf9cfc5966b082cf9a028302ed4184","hash":"b10b4115a1f9b7cc3d16702d5a45559f68a2bd88"}
,"C:\\projects\\clothing\\client\\src\\components\\Header.js": {"path":"C:\\projects\\clothing\\client\\src\\components\\Header.js","statementMap":{"0":{"start":{"line":10,"column":15},"end":{"line":28,"column":1}},"1":{"start":{"line":12,"column":4},"end":{"line":27,"column":10}},"2":{"start":{"line":21,"column":55},"end":{"line":21,"column":69}},"3":{"start":{"line":30,"column":24},"end":{"line":33,"column":2}},"4":{"start":{"line":30,"column":45},"end":{"line":33,"column":1}}},"fnMap":{"0":{"name":"(anonymous_0)","decl":{"start":{"line":10,"column":15},"end":{"line":10,"column":16}},"loc":{"start":{"line":12,"column":4},"end":{"line":27,"column":10}},"line":12},"1":{"name":"(anonymous_1)","decl":{"start":{"line":21,"column":49},"end":{"line":21,"column":50}},"loc":{"start":{"line":21,"column":55},"end":{"line":21,"column":69}},"line":21},"2":{"name":"(anonymous_2)","decl":{"start":{"line":30,"column":24},"end":{"line":30,"column":25}},"loc":{"start":{"line":30,"column":45},"end":{"line":33,"column":1}},"line":30}},"branchMap":{"0":{"loc":{"start":{"line":20,"column":16},"end":{"line":22,"column":69}},"type":"cond-expr","locations":[{"start":{"line":21,"column":16},"end":{"line":21,"column":85}},{"start":{"line":22,"column":17},"end":{"line":22,"column":69}}],"line":20},"1":{"loc":{"start":{"line":26,"column":9},"end":{"line":26,"column":36}},"type":"binary-expr","locations":[{"start":{"line":26,"column":9},"end":{"line":26,"column":16}},{"start":{"line":26,"column":20},"end":{"line":26,"column":36}}],"line":26}},"s":{"0":0,"1":0,"2":0,"3":0,"4":0},"f":{"0":0,"1":0,"2":0},"b":{"0":[0,0],"1":[0,0]},"hash":"90e9462c22e6c4122d34e5d9e4b67324beb0807d"}
,"C:\\projects\\clothing\\client\\src\\components\\MenuItem.js": {"path":"C:\\projects\\clothing\\client\\src\\components\\MenuItem.js","statementMap":{"0":{"start":{"line":6,"column":17},"end":{"line":27,"column":1}},"1":{"start":{"line":7,"column":20},"end":{"line":7,"column":32}},"2":{"start":{"line":9,"column":24},"end":{"line":11,"column":26}},"3":{"start":{"line":10,"column":8},"end":{"line":10,"column":35}},"4":{"start":{"line":13,"column":4},"end":{"line":26,"column":6}}},"fnMap":{"0":{"name":"(anonymous_0)","decl":{"start":{"line":6,"column":17},"end":{"line":6,"column":18}},"loc":{"start":{"line":6,"column":57},"end":{"line":27,"column":1}},"line":6},"1":{"name":"(anonymous_1)","decl":{"start":{"line":9,"column":36},"end":{"line":9,"column":37}},"loc":{"start":{"line":9,"column":42},"end":{"line":11,"column":5}},"line":9}},"branchMap":{},"s":{"0":1,"1":1,"2":1,"3":0,"4":1},"f":{"0":1,"1":0},"b":{},"_coverageSchema":"43e27e138ebf9cfc5966b082cf9a028302ed4184","hash":"324fd669f5f1b79339cbfb70ad3dfdcb7ee29f7d"}
,"C:\\projects\\clothing\\client\\src\\components\\SignIn.js": {"path":"C:\\projects\\clothing\\client\\src\\components\\SignIn.js","statementMap":{"0":{"start":{"line":9,"column":15},"end":{"line":64,"column":1}},"1":{"start":{"line":12,"column":42},"end":{"line":12,"column":77}},"2":{"start":{"line":14,"column":32},"end":{"line":14,"column":43}},"3":{"start":{"line":16,"column":25},"end":{"line":19,"column":5}},"4":{"start":{"line":17,"column":32},"end":{"line":17,"column":42}},"5":{"start":{"line":18,"column":8},"end":{"line":18,"column":55}},"6":{"start":{"line":21,"column":25},"end":{"line":32,"column":5}},"7":{"start":{"line":22,"column":8},"end":{"line":22,"column":29}},"8":{"start":{"line":24,"column":8},"end":{"line":29,"column":9}},"9":{"start":{"line":25,"column":12},"end":{"line":25,"column":67}},"10":{"start":{"line":26,"column":12},"end":{"line":26,"column":69}},"11":{"start":{"line":28,"column":12},"end":{"line":28,"column":31}},"12":{"start":{"line":31,"column":8},"end":{"line":31,"column":65}},"13":{"start":{"line":34,"column":4},"end":{"line":63,"column":5}}},"fnMap":{"0":{"name":"(anonymous_0)","decl":{"start":{"line":9,"column":15},"end":{"line":9,"column":16}},"loc":{"start":{"line":9,"column":21},"end":{"line":64,"column":1}},"line":9},"1":{"name":"(anonymous_1)","decl":{"start":{"line":16,"column":25},"end":{"line":16,"column":26}},"loc":{"start":{"line":16,"column":32},"end":{"line":19,"column":5}},"line":16},"2":{"name":"(anonymous_2)","decl":{"start":{"line":21,"column":25},"end":{"line":21,"column":26}},"loc":{"start":{"line":21,"column":38},"end":{"line":32,"column":5}},"line":21}},"branchMap":{},"s":{"0":1,"1":1,"2":1,"3":1,"4":0,"5":0,"6":1,"7":0,"8":0,"9":0,"10":0,"11":0,"12":0,"13":1},"f":{"0":1,"1":0,"2":0},"b":{},"_coverageSchema":"43e27e138ebf9cfc5966b082cf9a028302ed4184","hash":"70d712fcc77642ac6d5d5fdea063b0adca70bf00"}
,"C:\\projects\\clothing\\client\\src\\components\\SignUp.js": {"path":"C:\\projects\\clothing\\client\\src\\components\\SignUp.js","statementMap":{"0":{"start":{"line":8,"column":15},"end":{"line":88,"column":1}},"1":{"start":{"line":9,"column":42},"end":{"line":14,"column":6}},"2":{"start":{"line":16,"column":62},"end":{"line":16,"column":73}},"3":{"start":{"line":18,"column":25},"end":{"line":40,"column":5}},"4":{"start":{"line":19,"column":8},"end":{"line":19,"column":29}},"5":{"start":{"line":21,"column":8},"end":{"line":39,"column":9}},"6":{"start":{"line":22,"column":12},"end":{"line":22,"column":43}},"7":{"start":{"line":23,"column":12},"end":{"line":23,"column":19}},"8":{"start":{"line":25,"column":12},"end":{"line":38,"column":13}},"9":{"start":{"line":26,"column":33},"end":{"line":26,"column":85}},"10":{"start":{"line":28,"column":16},"end":{"line":28,"column":69}},"11":{"start":{"line":30,"column":16},"end":{"line":35,"column":19}},"12":{"start":{"line":37,"column":16},"end":{"line":37,"column":37}},"13":{"start":{"line":42,"column":25},"end":{"line":45,"column":5}},"14":{"start":{"line":43,"column":30},"end":{"line":43,"column":40}},"15":{"start":{"line":44,"column":8},"end":{"line":44,"column":56}},"16":{"start":{"line":47,"column":4},"end":{"line":87,"column":6}}},"fnMap":{"0":{"name":"(anonymous_0)","decl":{"start":{"line":8,"column":15},"end":{"line":8,"column":16}},"loc":{"start":{"line":8,"column":21},"end":{"line":88,"column":1}},"line":8},"1":{"name":"(anonymous_1)","decl":{"start":{"line":18,"column":25},"end":{"line":18,"column":26}},"loc":{"start":{"line":18,"column":38},"end":{"line":40,"column":5}},"line":18},"2":{"name":"(anonymous_2)","decl":{"start":{"line":42,"column":25},"end":{"line":42,"column":26}},"loc":{"start":{"line":42,"column":32},"end":{"line":45,"column":5}},"line":42}},"branchMap":{"0":{"loc":{"start":{"line":21,"column":8},"end":{"line":39,"column":9}},"type":"if","locations":[{"start":{"line":21,"column":8},"end":{"line":39,"column":9}},{"start":{"line":21,"column":8},"end":{"line":39,"column":9}}],"line":21}},"s":{"0":1,"1":1,"2":1,"3":1,"4":0,"5":0,"6":0,"7":0,"8":0,"9":0,"10":0,"11":0,"12":0,"13":1,"14":0,"15":0,"16":1},"f":{"0":1,"1":0,"2":0},"b":{"0":[0,0]},"_coverageSchema":"43e27e138ebf9cfc5966b082cf9a028302ed4184","hash":"597a3a686f92f35af87c190da08cc9e428dd9d2f"}
,"C:\\projects\\clothing\\client\\src\\components\\Spinner.js": {"path":"C:\\projects\\clothing\\client\\src\\components\\Spinner.js","statementMap":{"0":{"start":{"line":5,"column":16},"end":{"line":9,"column":1}},"1":{"start":{"line":6,"column":4},"end":{"line":8,"column":10}}},"fnMap":{"0":{"name":"(anonymous_0)","decl":{"start":{"line":5,"column":16},"end":{"line":5,"column":17}},"loc":{"start":{"line":6,"column":4},"end":{"line":8,"column":10}},"line":6}},"branchMap":{},"s":{"0":2,"1":1},"f":{"0":1},"b":{},"_coverageSchema":"43e27e138ebf9cfc5966b082cf9a028302ed4184","hash":"3452c66c4e1ae16ee21b76058229084fbf686e36"}
,"C:\\projects\\clothing\\client\\src\\components\\StripeCheckoutButton.js": {"path":"C:\\projects\\clothing\\client\\src\\components\\StripeCheckoutButton.js","statementMap":{"0":{"start":{"line":5,"column":29},"end":{"line":45,"column":1}},"1":{"start":{"line":6,"column":24},"end":{"line":6,"column":35}},"2":{"start":{"line":7,"column":27},"end":{"line":7,"column":136}},"3":{"start":{"line":9,"column":20},"end":{"line":29,"column":5}},"4":{"start":{"line":14,"column":8},"end":{"line":28,"column":11}},"5":{"start":{"line":23,"column":12},"end":{"line":23,"column":39}},"6":{"start":{"line":26,"column":12},"end":{"line":26,"column":62}},"7":{"start":{"line":27,"column":12},"end":{"line":27,"column":110}},"8":{"start":{"line":31,"column":4},"end":{"line":44,"column":6}}},"fnMap":{"0":{"name":"(anonymous_0)","decl":{"start":{"line":5,"column":29},"end":{"line":5,"column":30}},"loc":{"start":{"line":5,"column":44},"end":{"line":45,"column":1}},"line":5},"1":{"name":"(anonymous_1)","decl":{"start":{"line":9,"column":20},"end":{"line":9,"column":21}},"loc":{"start":{"line":9,"column":29},"end":{"line":29,"column":5}},"line":9},"2":{"name":"(anonymous_2)","decl":{"start":{"line":22,"column":14},"end":{"line":22,"column":15}},"loc":{"start":{"line":22,"column":21},"end":{"line":24,"column":9}},"line":22},"3":{"name":"(anonymous_3)","decl":{"start":{"line":25,"column":15},"end":{"line":25,"column":16}},"loc":{"start":{"line":25,"column":24},"end":{"line":28,"column":9}},"line":25}},"branchMap":{},"s":{"0":1,"1":1,"2":1,"3":1,"4":0,"5":0,"6":0,"7":0,"8":1},"f":{"0":1,"1":0,"2":0,"3":0},"b":{},"_coverageSchema":"43e27e138ebf9cfc5966b082cf9a028302ed4184","hash":"30c4cde2e693ba442cecf95a6999cf183dce5fe4"}
,"C:\\projects\\clothing\\client\\src\\components\\WithSpinner.js": {"path":"C:\\projects\\clothing\\client\\src\\components\\WithSpinner.js","statementMap":{"0":{"start":{"line":4,"column":20},"end":{"line":11,"column":1}},"1":{"start":{"line":4,"column":40},"end":{"line":11,"column":1}},"2":{"start":{"line":5,"column":4},"end":{"line":10,"column":5}}},"fnMap":{"0":{"name":"(anonymous_0)","decl":{"start":{"line":4,"column":20},"end":{"line":4,"column":21}},"loc":{"start":{"line":4,"column":40},"end":{"line":11,"column":1}},"line":4},"1":{"name":"(anonymous_1)","decl":{"start":{"line":4,"column":40},"end":{"line":4,"column":41}},"loc":{"start":{"line":4,"column":74},"end":{"line":11,"column":1}},"line":4}},"branchMap":{"0":{"loc":{"start":{"line":5,"column":11},"end":{"line":10,"column":5}},"type":"cond-expr","locations":[{"start":{"line":7,"column":8},"end":{"line":7,"column":19}},{"start":{"line":9,"column":8},"end":{"line":9,"column":44}}],"line":5}},"s":{"0":1,"1":1,"2":0},"f":{"0":1,"1":0},"b":{"0":[0,0]},"_coverageSchema":"43e27e138ebf9cfc5966b082cf9a028302ed4184","hash":"abb50e2027cde362709c4cbea0d1b3783a66c0bf"}
,"C:\\projects\\clothing\\client\\src\\firebase\\firebase.utils.js": {"path":"C:\\projects\\clothing\\client\\src\\firebase\\firebase.utils.js","statementMap":{"0":{"start":{"line":5,"column":15},"end":{"line":14,"column":1}},"1":{"start":{"line":16,"column":41},"end":{"line":40,"column":1}},"2":{"start":{"line":17,"column":4},"end":{"line":39,"column":5}},"3":{"start":{"line":18,"column":8},"end":{"line":18,"column":15}},"4":{"start":{"line":20,"column":24},"end":{"line":20,"column":62}},"5":{"start":{"line":21,"column":25},"end":{"line":21,"column":44}},"6":{"start":{"line":23,"column":8},"end":{"line":37,"column":9}},"7":{"start":{"line":24,"column":43},"end":{"line":24,"column":51}},"8":{"start":{"line":25,"column":30},"end":{"line":25,"column":40}},"9":{"start":{"line":27,"column":12},"end":{"line":36,"column":13}},"10":{"start":{"line":28,"column":16},"end":{"line":33,"column":19}},"11":{"start":{"line":35,"column":16},"end":{"line":35,"column":66}},"12":{"start":{"line":38,"column":8},"end":{"line":38,"column":23}},"13":{"start":{"line":42,"column":41},"end":{"line":53,"column":1}},"14":{"start":{"line":43,"column":26},"end":{"line":43,"column":61}},"15":{"start":{"line":44,"column":18},"end":{"line":44,"column":35}},"16":{"start":{"line":45,"column":4},"end":{"line":49,"column":7}},"17":{"start":{"line":47,"column":26},"end":{"line":47,"column":45}},"18":{"start":{"line":48,"column":8},"end":{"line":48,"column":34}},"19":{"start":{"line":51,"column":4},"end":{"line":51,"column":32}},"20":{"start":{"line":55,"column":47},"end":{"line":70,"column":1}},"21":{"start":{"line":56,"column":34},"end":{"line":65,"column":6}},"22":{"start":{"line":57,"column":33},"end":{"line":57,"column":43}},"23":{"start":{"line":59,"column":8},"end":{"line":64,"column":9}},"24":{"start":{"line":66,"column":4},"end":{"line":69,"column":11}},"25":{"start":{"line":67,"column":8},"end":{"line":67,"column":65}},"26":{"start":{"line":68,"column":8},"end":{"line":68,"column":27}},"27":{"start":{"line":72,"column":0},"end":{"line":72,"column":31}},"28":{"start":{"line":74,"column":20},"end":{"line":74,"column":35}},"29":{"start":{"line":75,"column":25},"end":{"line":75,"column":45}},"30":{"start":{"line":77,"column":17},"end":{"line":77,"column":55}},"31":{"start":{"line":78,"column":0},"end":{"line":78,"column":59}},"32":{"start":{"line":79,"column":32},"end":{"line":79,"column":68}},"33":{"start":{"line":79,"column":38},"end":{"line":79,"column":68}}},"fnMap":{"0":{"name":"(anonymous_0)","decl":{"start":{"line":16,"column":41},"end":{"line":16,"column":42}},"loc":{"start":{"line":16,"column":77},"end":{"line":40,"column":1}},"line":16},"1":{"name":"(anonymous_1)","decl":{"start":{"line":42,"column":41},"end":{"line":42,"column":42}},"loc":{"start":{"line":42,"column":80},"end":{"line":53,"column":1}},"line":42},"2":{"name":"(anonymous_2)","decl":{"start":{"line":45,"column":25},"end":{"line":45,"column":26}},"loc":{"start":{"line":45,"column":33},"end":{"line":49,"column":5}},"line":45},"3":{"name":"(anonymous_3)","decl":{"start":{"line":55,"column":47},"end":{"line":55,"column":48}},"loc":{"start":{"line":55,"column":62},"end":{"line":70,"column":1}},"line":55},"4":{"name":"(anonymous_4)","decl":{"start":{"line":56,"column":55},"end":{"line":56,"column":56}},"loc":{"start":{"line":56,"column":62},"end":{"line":65,"column":5}},"line":56},"5":{"name":"(anonymous_5)","decl":{"start":{"line":66,"column":40},"end":{"line":66,"column":41}},"loc":{"start":{"line":66,"column":69},"end":{"line":69,"column":5}},"line":66},"6":{"name":"(anonymous_6)","decl":{"start":{"line":79,"column":32},"end":{"line":79,"column":33}},"loc":{"start":{"line":79,"column":38},"end":{"line":79,"column":68}},"line":79}},"branchMap":{"0":{"loc":{"start":{"line":17,"column":4},"end":{"line":39,"column":5}},"type":"if","locations":[{"start":{"line":17,"column":4},"end":{"line":39,"column":5}},{"start":{"line":17,"column":4},"end":{"line":39,"column":5}}],"line":17},"1":{"loc":{"start":{"line":23,"column":8},"end":{"line":37,"column":9}},"type":"if","locations":[{"start":{"line":23,"column":8},"end":{"line":37,"column":9}},{"start":{"line":23,"column":8},"end":{"line":37,"column":9}}],"line":23}},"s":{"0":2,"1":2,"2":0,"3":0,"4":0,"5":0,"6":0,"7":0,"8":0,"9":0,"10":0,"11":0,"12":0,"13":2,"14":0,"15":0,"16":0,"17":0,"18":0,"19":0,"20":2,"21":0,"22":0,"23":0,"24":0,"25":0,"26":0,"27":2,"28":2,"29":2,"30":2,"31":2,"32":2,"33":0},"f":{"0":0,"1":0,"2":0,"3":0,"4":0,"5":0,"6":0},"b":{"0":[0,0],"1":[0,0]},"_coverageSchema":"43e27e138ebf9cfc5966b082cf9a028302ed4184","hash":"7b9328c91a4bc65c453494d7c4c6d64a13303d49"}
,"C:\\projects\\clothing\\client\\src\\pages\\CategoryPage.js": {"path":"C:\\projects\\clothing\\client\\src\\pages\\CategoryPage.js","statementMap":{"0":{"start":{"line":7,"column":21},"end":{"line":14,"column":1}},"1":{"start":{"line":8,"column":4},"end":{"line":13,"column":10}},"2":{"start":{"line":11,"column":42},"end":{"line":11,"column":84}},"3":{"start":{"line":16,"column":24},"end":{"line":18,"column":2}},"4":{"start":{"line":16,"column":46},"end":{"line":18,"column":1}}},"fnMap":{"0":{"name":"(anonymous_0)","decl":{"start":{"line":7,"column":21},"end":{"line":7,"column":22}},"loc":{"start":{"line":8,"column":4},"end":{"line":13,"column":10}},"line":8},"1":{"name":"(anonymous_1)","decl":{"start":{"line":11,"column":34},"end":{"line":11,"column":35}},"loc":{"start":{"line":11,"column":42},"end":{"line":11,"column":84}},"line":11},"2":{"name":"(anonymous_2)","decl":{"start":{"line":16,"column":24},"end":{"line":16,"column":25}},"loc":{"start":{"line":16,"column":46},"end":{"line":18,"column":1}},"line":16}},"branchMap":{"0":{"loc":{"start":{"line":17,"column":16},"end":{"line":17,"column":104}},"type":"cond-expr","locations":[{"start":{"line":17,"column":41},"end":{"line":17,"column":97}},{"start":{"line":17,"column":100},"end":{"line":17,"column":104}}],"line":17}},"s":{"0":0,"1":0,"2":0,"3":0,"4":0},"f":{"0":0,"1":0,"2":0},"b":{"0":[0,0]},"hash":"e96c9749a89c4e31d7b1572ddc2e7497396ea0a8"}
,"C:\\projects\\clothing\\client\\src\\pages\\CheckoutPage.js": {"path":"C:\\projects\\clothing\\client\\src\\pages\\CheckoutPage.js","statementMap":{"0":{"start":{"line":8,"column":21},"end":{"line":38,"column":1}},"1":{"start":{"line":9,"column":4},"end":{"line":37,"column":10}},"2":{"start":{"line":27,"column":27},"end":{"line":27,"column":69}},"3":{"start":{"line":40,"column":24},"end":{"line":43,"column":2}},"4":{"start":{"line":40,"column":39},"end":{"line":43,"column":1}},"5":{"start":{"line":42,"column":62},"end":{"line":42,"column":107}}},"fnMap":{"0":{"name":"(anonymous_0)","decl":{"start":{"line":8,"column":21},"end":{"line":8,"column":22}},"loc":{"start":{"line":9,"column":4},"end":{"line":37,"column":10}},"line":9},"1":{"name":"(anonymous_1)","decl":{"start":{"line":27,"column":19},"end":{"line":27,"column":20}},"loc":{"start":{"line":27,"column":27},"end":{"line":27,"column":69}},"line":27},"2":{"name":"(anonymous_2)","decl":{"start":{"line":40,"column":24},"end":{"line":40,"column":25}},"loc":{"start":{"line":40,"column":39},"end":{"line":43,"column":1}},"line":40},"3":{"name":"(anonymous_3)","decl":{"start":{"line":42,"column":34},"end":{"line":42,"column":35}},"loc":{"start":{"line":42,"column":62},"end":{"line":42,"column":107}},"line":42}},"branchMap":{},"s":{"0":0,"1":0,"2":0,"3":0,"4":0,"5":0},"f":{"0":0,"1":0,"2":0,"3":0},"b":{},"hash":"a0e5f0120ebe5fc498214b886fb01117aff34f8b"}
,"C:\\projects\\clothing\\client\\src\\pages\\Homepage.js": {"path":"C:\\projects\\clothing\\client\\src\\pages\\Homepage.js","statementMap":{"0":{"start":{"line":7,"column":17},"end":{"line":11,"column":1}},"1":{"start":{"line":8,"column":4},"end":{"line":10,"column":10}}},"fnMap":{"0":{"name":"(anonymous_0)","decl":{"start":{"line":7,"column":17},"end":{"line":7,"column":18}},"loc":{"start":{"line":8,"column":4},"end":{"line":10,"column":10}},"line":8}},"branchMap":{},"s":{"0":0,"1":0},"f":{"0":0},"b":{},"hash":"c4075c9871dc862cc44ab95251f0d77a38a3e842"}
,"C:\\projects\\clothing\\client\\src\\pages\\ShopPage.js": {"path":"C:\\projects\\clothing\\client\\src\\pages\\ShopPage.js","statementMap":{"0":{"start":{"line":11,"column":38},"end":{"line":11,"column":69}},"1":{"start":{"line":12,"column":32},"end":{"line":12,"column":57}},"2":{"start":{"line":20,"column":17},"end":{"line":35,"column":1}},"3":{"start":{"line":22,"column":4},"end":{"line":25,"column":32}},"4":{"start":{"line":24,"column":8},"end":{"line":24,"column":32}},"5":{"start":{"line":27,"column":4},"end":{"line":34,"column":6}},"6":{"start":{"line":30,"column":71},"end":{"line":30,"column":138}},"7":{"start":{"line":31,"column":77},"end":{"line":31,"column":137}},"8":{"start":{"line":37,"column":24},"end":{"line":40,"column":2}},"9":{"start":{"line":37,"column":47},"end":{"line":40,"column":1}},"10":{"start":{"line":42,"column":28},"end":{"line":44,"column":1}}},"fnMap":{"0":{"name":"(anonymous_0)","decl":{"start":{"line":20,"column":17},"end":{"line":20,"column":18}},"loc":{"start":{"line":20,"column":66},"end":{"line":35,"column":1}},"line":20},"1":{"name":"(anonymous_1)","decl":{"start":{"line":22,"column":14},"end":{"line":22,"column":15}},"loc":{"start":{"line":22,"column":20},"end":{"line":25,"column":5}},"line":22},"2":{"name":"(anonymous_2)","decl":{"start":{"line":30,"column":60},"end":{"line":30,"column":61}},"loc":{"start":{"line":30,"column":71},"end":{"line":30,"column":138}},"line":30},"3":{"name":"(anonymous_3)","decl":{"start":{"line":31,"column":66},"end":{"line":31,"column":67}},"loc":{"start":{"line":31,"column":77},"end":{"line":31,"column":137}},"line":31},"4":{"name":"(anonymous_4)","decl":{"start":{"line":37,"column":24},"end":{"line":37,"column":25}},"loc":{"start":{"line":37,"column":47},"end":{"line":40,"column":1}},"line":37}},"branchMap":{},"s":{"0":0,"1":0,"2":0,"3":0,"4":0,"5":0,"6":0,"7":0,"8":0,"9":0,"10":0},"f":{"0":0,"1":0,"2":0,"3":0,"4":0},"b":{},"hash":"8203dac9af3b81c7d352390163b9b67b5d9eb5a0"}
,"C:\\projects\\clothing\\client\\src\\pages\\SignInPage.js": {"path":"C:\\projects\\clothing\\client\\src\\pages\\SignInPage.js","statementMap":{"0":{"start":{"line":7,"column":19},"end":{"line":12,"column":1}},"1":{"start":{"line":8,"column":4},"end":{"line":11,"column":10}}},"fnMap":{"0":{"name":"(anonymous_0)","decl":{"start":{"line":7,"column":19},"end":{"line":7,"column":20}},"loc":{"start":{"line":8,"column":4},"end":{"line":11,"column":10}},"line":8}},"branchMap":{},"s":{"0":0,"1":0},"f":{"0":0},"b":{},"hash":"323405a8317e5af06c323f1248c287b2c101d95b"}
,"C:\\projects\\clothing\\client\\src\\redux\\configureStore.js": {"path":"C:\\projects\\clothing\\client\\src\\redux\\configureStore.js","statementMap":{"0":{"start":{"line":8,"column":20},"end":{"line":8,"column":27}},"1":{"start":{"line":11,"column":0},"end":{"line":13,"column":1}},"2":{"start":{"line":12,"column":4},"end":{"line":12,"column":29}},"3":{"start":{"line":16,"column":14},"end":{"line":16,"column":67}},"4":{"start":{"line":18,"column":18},"end":{"line":18,"column":37}}},"fnMap":{},"branchMap":{"0":{"loc":{"start":{"line":11,"column":0},"end":{"line":13,"column":1}},"type":"if","locations":[{"start":{"line":11,"column":0},"end":{"line":13,"column":1}},{"start":{"line":11,"column":0},"end":{"line":13,"column":1}}],"line":11}},"s":{"0":0,"1":0,"2":0,"3":0,"4":0},"f":{},"b":{"0":[0,0]},"hash":"7811b920309d89e95d0261fd1f79fa6fcb1cd511"}
,"C:\\projects\\clothing\\client\\src\\redux\\actions\\cart.js": {"path":"C:\\projects\\clothing\\client\\src\\redux\\actions\\cart.js","statementMap":{"0":{"start":{"line":1,"column":17},"end":{"line":1,"column":27}},"1":{"start":{"line":2,"column":22},"end":{"line":2,"column":37}},"2":{"start":{"line":3,"column":24},"end":{"line":3,"column":41}},"3":{"start":{"line":4,"column":20},"end":{"line":4,"column":33}},"4":{"start":{"line":6,"column":16},"end":{"line":9,"column":2}},"5":{"start":{"line":6,"column":25},"end":{"line":9,"column":1}},"6":{"start":{"line":11,"column":21},"end":{"line":13,"column":2}},"7":{"start":{"line":11,"column":28},"end":{"line":13,"column":1}},"8":{"start":{"line":15,"column":23},"end":{"line":18,"column":2}},"9":{"start":{"line":15,"column":30},"end":{"line":18,"column":1}},"10":{"start":{"line":20,"column":19},"end":{"line":23,"column":2}},"11":{"start":{"line":20,"column":28},"end":{"line":23,"column":1}}},"fnMap":{"0":{"name":"(anonymous_0)","decl":{"start":{"line":6,"column":16},"end":{"line":6,"column":17}},"loc":{"start":{"line":6,"column":25},"end":{"line":9,"column":1}},"line":6},"1":{"name":"(anonymous_1)","decl":{"start":{"line":11,"column":21},"end":{"line":11,"column":22}},"loc":{"start":{"line":11,"column":28},"end":{"line":13,"column":1}},"line":11},"2":{"name":"(anonymous_2)","decl":{"start":{"line":15,"column":23},"end":{"line":15,"column":24}},"loc":{"start":{"line":15,"column":30},"end":{"line":18,"column":1}},"line":15},"3":{"name":"(anonymous_3)","decl":{"start":{"line":20,"column":19},"end":{"line":20,"column":20}},"loc":{"start":{"line":20,"column":28},"end":{"line":23,"column":1}},"line":20}},"branchMap":{},"s":{"0":2,"1":2,"2":2,"3":2,"4":2,"5":1,"6":2,"7":1,"8":2,"9":1,"10":2,"11":1},"f":{"0":1,"1":1,"2":1,"3":1},"b":{},"_coverageSchema":"43e27e138ebf9cfc5966b082cf9a028302ed4184","hash":"dad93b165dcdfd81b487f4005e4f243852579903"}
,"C:\\projects\\clothing\\client\\src\\redux\\actions\\shop.js": {"path":"C:\\projects\\clothing\\client\\src\\redux\\actions\\shop.js","statementMap":{"0":{"start":{"line":3,"column":32},"end":{"line":3,"column":57}},"1":{"start":{"line":4,"column":34},"end":{"line":4,"column":61}},"2":{"start":{"line":5,"column":31},"end":{"line":5,"column":55}},"3":{"start":{"line":7,"column":30},"end":{"line":9,"column":2}},"4":{"start":{"line":7,"column":37},"end":{"line":9,"column":1}},"5":{"start":{"line":11,"column":32},"end":{"line":14,"column":2}},"6":{"start":{"line":11,"column":51},"end":{"line":14,"column":1}},"7":{"start":{"line":16,"column":29},"end":{"line":19,"column":2}},"8":{"start":{"line":16,"column":46},"end":{"line":19,"column":1}},"9":{"start":{"line":22,"column":30},"end":{"line":37,"column":1}},"10":{"start":{"line":23,"column":4},"end":{"line":36,"column":5}},"11":{"start":{"line":24,"column":30},"end":{"line":24,"column":65}},"12":{"start":{"line":26,"column":8},"end":{"line":26,"column":42}},"13":{"start":{"line":27,"column":8},"end":{"line":35,"column":11}},"14":{"start":{"line":28,"column":35},"end":{"line":28,"column":76}},"15":{"start":{"line":30,"column":12},"end":{"line":30,"column":62}},"16":{"start":{"line":34,"column":12},"end":{"line":34,"column":58}}},"fnMap":{"0":{"name":"(anonymous_0)","decl":{"start":{"line":7,"column":30},"end":{"line":7,"column":31}},"loc":{"start":{"line":7,"column":37},"end":{"line":9,"column":1}},"line":7},"1":{"name":"(anonymous_1)","decl":{"start":{"line":11,"column":32},"end":{"line":11,"column":33}},"loc":{"start":{"line":11,"column":51},"end":{"line":14,"column":1}},"line":11},"2":{"name":"(anonymous_2)","decl":{"start":{"line":16,"column":29},"end":{"line":16,"column":30}},"loc":{"start":{"line":16,"column":46},"end":{"line":19,"column":1}},"line":16},"3":{"name":"(anonymous_3)","decl":{"start":{"line":22,"column":30},"end":{"line":22,"column":31}},"loc":{"start":{"line":22,"column":36},"end":{"line":37,"column":1}},"line":22},"4":{"name":"(anonymous_4)","decl":{"start":{"line":23,"column":11},"end":{"line":23,"column":12}},"loc":{"start":{"line":23,"column":23},"end":{"line":36,"column":5}},"line":23},"5":{"name":"(anonymous_5)","decl":{"start":{"line":27,"column":33},"end":{"line":27,"column":34}},"loc":{"start":{"line":27,"column":45},"end":{"line":31,"column":9}},"line":27},"6":{"name":"(anonymous_6)","decl":{"start":{"line":32,"column":15},"end":{"line":32,"column":16}},"loc":{"start":{"line":32,"column":24},"end":{"line":35,"column":9}},"line":32}},"branchMap":{},"s":{"0":0,"1":0,"2":0,"3":0,"4":0,"5":0,"6":0,"7":0,"8":0,"9":0,"10":0,"11":0,"12":0,"13":0,"14":0,"15":0,"16":0},"f":{"0":0,"1":0,"2":0,"3":0,"4":0,"5":0,"6":0},"b":{},"hash":"39ea8756a810f00490e17375796e25097a26579f"}
,"C:\\projects\\clothing\\client\\src\\redux\\actions\\user.js": {"path":"C:\\projects\\clothing\\client\\src\\redux\\actions\\user.js","statementMap":{"0":{"start":{"line":1,"column":25},"end":{"line":1,"column":43}},"1":{"start":{"line":3,"column":23},"end":{"line":6,"column":2}},"2":{"start":{"line":3,"column":32},"end":{"line":6,"column":1}}},"fnMap":{"0":{"name":"(anonymous_0)","decl":{"start":{"line":3,"column":23},"end":{"line":3,"column":24}},"loc":{"start":{"line":3,"column":32},"end":{"line":6,"column":1}},"line":3}},"branchMap":{},"s":{"0":0,"1":0,"2":0},"f":{"0":0},"b":{},"hash":"18fbbbd26684c218f1df6d621d8144b0a9008e8a"}
,"C:\\projects\\clothing\\client\\src\\redux\\reducers\\cart.js": {"path":"C:\\projects\\clothing\\client\\src\\redux\\reducers\\cart.js","statementMap":{"0":{"start":{"line":4,"column":22},"end":{"line":7,"column":1}},"1":{"start":{"line":9,"column":20},"end":{"line":34,"column":1}},"2":{"start":{"line":10,"column":4},"end":{"line":33,"column":5}},"3":{"start":{"line":12,"column":12},"end":{"line":15,"column":13}},"4":{"start":{"line":17,"column":12},"end":{"line":20,"column":13}},"5":{"start":{"line":22,"column":12},"end":{"line":25,"column":13}},"6":{"start":{"line":24,"column":50},"end":{"line":24,"column":71}},"7":{"start":{"line":27,"column":12},"end":{"line":30,"column":13}},"8":{"start":{"line":32,"column":12},"end":{"line":32,"column":25}}},"fnMap":{"0":{"name":"(anonymous_0)","decl":{"start":{"line":9,"column":20},"end":{"line":9,"column":21}},"loc":{"start":{"line":9,"column":55},"end":{"line":34,"column":1}},"line":9},"1":{"name":"(anonymous_1)","decl":{"start":{"line":24,"column":42},"end":{"line":24,"column":43}},"loc":{"start":{"line":24,"column":50},"end":{"line":24,"column":71}},"line":24}},"branchMap":{"0":{"loc":{"start":{"line":9,"column":21},"end":{"line":9,"column":42}},"type":"default-arg","locations":[{"start":{"line":9,"column":29},"end":{"line":9,"column":42}}],"line":9},"1":{"loc":{"start":{"line":10,"column":4},"end":{"line":33,"column":5}},"type":"switch","locations":[{"start":{"line":11,"column":8},"end":{"line":15,"column":13}},{"start":{"line":16,"column":8},"end":{"line":20,"column":13}},{"start":{"line":21,"column":8},"end":{"line":25,"column":13}},{"start":{"line":26,"column":8},"end":{"line":30,"column":13}},{"start":{"line":31,"column":8},"end":{"line":32,"column":25}}],"line":10}},"s":{"0":1,"1":1,"2":5,"3":1,"4":1,"5":1,"6":2,"7":1,"8":1},"f":{"0":5,"1":2},"b":{"0":[3],"1":[1,1,1,1,1]},"_coverageSchema":"43e27e138ebf9cfc5966b082cf9a028302ed4184","hash":"8d4f87fd787341f96d0fb9da4f771589403df306"}
,"C:\\projects\\clothing\\client\\src\\redux\\reducers\\directory.js": {"path":"C:\\projects\\clothing\\client\\src\\redux\\reducers\\directory.js","statementMap":{"0":{"start":{"line":1,"column":22},"end":{"line":36,"column":1}},"1":{"start":{"line":38,"column":25},"end":{"line":43,"column":1}},"2":{"start":{"line":39,"column":4},"end":{"line":42,"column":5}},"3":{"start":{"line":41,"column":12},"end":{"line":41,"column":25}}},"fnMap":{"0":{"name":"(anonymous_0)","decl":{"start":{"line":38,"column":25},"end":{"line":38,"column":26}},"loc":{"start":{"line":38,"column":60},"end":{"line":43,"column":1}},"line":38}},"branchMap":{"0":{"loc":{"start":{"line":38,"column":26},"end":{"line":38,"column":47}},"type":"default-arg","locations":[{"start":{"line":38,"column":34},"end":{"line":38,"column":47}}],"line":38},"1":{"loc":{"start":{"line":39,"column":4},"end":{"line":42,"column":5}},"type":"switch","locations":[{"start":{"line":40,"column":8},"end":{"line":41,"column":25}}],"line":39}},"s":{"0":0,"1":0,"2":0,"3":0},"f":{"0":0},"b":{"0":[0],"1":[0]},"hash":"2c1dc00e560dd7458378f4be7d104c7580dfb54b"}
,"C:\\projects\\clothing\\client\\src\\redux\\reducers\\index.js": {"path":"C:\\projects\\clothing\\client\\src\\redux\\reducers\\index.js","statementMap":{"0":{"start":{"line":9,"column":22},"end":{"line":13,"column":1}},"1":{"start":{"line":15,"column":21},"end":{"line":20,"column":2}}},"fnMap":{},"branchMap":{},"s":{"0":0,"1":0},"f":{},"b":{},"hash":"6846423a6e20f8df8c11d3a47006b17a3f3739da"}
,"C:\\projects\\clothing\\client\\src\\redux\\reducers\\shop.js": {"path":"C:\\projects\\clothing\\client\\src\\redux\\reducers\\shop.js","statementMap":{"0":{"start":{"line":3,"column":22},"end":{"line":7,"column":1}},"1":{"start":{"line":9,"column":20},"end":{"line":31,"column":1}},"2":{"start":{"line":10,"column":4},"end":{"line":30,"column":5}},"3":{"start":{"line":12,"column":12},"end":{"line":15,"column":13}},"4":{"start":{"line":17,"column":12},"end":{"line":21,"column":13}},"5":{"start":{"line":23,"column":12},"end":{"line":27,"column":13}},"6":{"start":{"line":29,"column":12},"end":{"line":29,"column":25}}},"fnMap":{"0":{"name":"(anonymous_0)","decl":{"start":{"line":9,"column":20},"end":{"line":9,"column":21}},"loc":{"start":{"line":9,"column":55},"end":{"line":31,"column":1}},"line":9}},"branchMap":{"0":{"loc":{"start":{"line":9,"column":21},"end":{"line":9,"column":42}},"type":"default-arg","locations":[{"start":{"line":9,"column":29},"end":{"line":9,"column":42}}],"line":9},"1":{"loc":{"start":{"line":10,"column":4},"end":{"line":30,"column":5}},"type":"switch","locations":[{"start":{"line":11,"column":8},"end":{"line":15,"column":13}},{"start":{"line":16,"column":8},"end":{"line":21,"column":13}},{"start":{"line":22,"column":8},"end":{"line":27,"column":13}},{"start":{"line":28,"column":8},"end":{"line":29,"column":25}}],"line":10},"2":{"loc":{"start":{"line":14,"column":27},"end":{"line":14,"column":56}},"type":"cond-expr","locations":[{"start":{"line":14,"column":34},"end":{"line":14,"column":49}},{"start":{"line":14,"column":52},"end":{"line":14,"column":56}}],"line":14}},"s":{"0":0,"1":0,"2":0,"3":0,"4":0,"5":0,"6":0},"f":{"0":0},"b":{"0":[0],"1":[0,0,0,0],"2":[0,0]},"hash":"9e6f56a8292096283ce7a10075af2798d53611f6"}
,"C:\\projects\\clothing\\client\\src\\redux\\reducers\\user.js": {"path":"C:\\projects\\clothing\\client\\src\\redux\\reducers\\user.js","statementMap":{"0":{"start":{"line":3,"column":22},"end":{"line":5,"column":1}},"1":{"start":{"line":7,"column":20},"end":{"line":17,"column":1}},"2":{"start":{"line":8,"column":4},"end":{"line":16,"column":5}},"3":{"start":{"line":10,"column":12},"end":{"line":13,"column":13}},"4":{"start":{"line":15,"column":12},"end":{"line":15,"column":25}}},"fnMap":{"0":{"name":"(anonymous_0)","decl":{"start":{"line":7,"column":20},"end":{"line":7,"column":21}},"loc":{"start":{"line":7,"column":55},"end":{"line":17,"column":1}},"line":7}},"branchMap":{"0":{"loc":{"start":{"line":7,"column":21},"end":{"line":7,"column":42}},"type":"default-arg","locations":[{"start":{"line":7,"column":29},"end":{"line":7,"column":42}}],"line":7},"1":{"loc":{"start":{"line":8,"column":4},"end":{"line":16,"column":5}},"type":"switch","locations":[{"start":{"line":9,"column":8},"end":{"line":13,"column":13}},{"start":{"line":14,"column":8},"end":{"line":15,"column":25}}],"line":8}},"s":{"0":0,"1":0,"2":0,"3":0,"4":0},"f":{"0":0},"b":{"0":[0],"1":[0,0]},"hash":"2bc7ad3a109702761e5f768f0c65321d603b96de"}
,"C:\\projects\\clothing\\client\\src\\redux\\utils\\cart.js": {"path":"C:\\projects\\clothing\\client\\src\\redux\\utils\\cart.js","statementMap":{"0":{"start":{"line":1,"column":22},"end":{"line":9,"column":1}},"1":{"start":{"line":2,"column":25},"end":{"line":2,"column":71}},"2":{"start":{"line":2,"column":48},"end":{"line":2,"column":70}},"3":{"start":{"line":4,"column":4},"end":{"line":8,"column":5}},"4":{"start":{"line":5,"column":8},"end":{"line":5,"column":129}},"5":{"start":{"line":5,"column":41},"end":{"line":5,"column":127}},"6":{"start":{"line":7,"column":8},"end":{"line":7,"column":56}},"7":{"start":{"line":11,"column":27},"end":{"line":19,"column":1}},"8":{"start":{"line":12,"column":26},"end":{"line":12,"column":78}},"9":{"start":{"line":12,"column":49},"end":{"line":12,"column":77}},"10":{"start":{"line":14,"column":4},"end":{"line":18,"column":5}},"11":{"start":{"line":15,"column":8},"end":{"line":15,"column":69}},"12":{"start":{"line":15,"column":40},"end":{"line":15,"column":67}},"13":{"start":{"line":17,"column":8},"end":{"line":17,"column":114}},"14":{"start":{"line":17,"column":37},"end":{"line":17,"column":112}}},"fnMap":{"0":{"name":"(anonymous_0)","decl":{"start":{"line":1,"column":22},"end":{"line":1,"column":23}},"loc":{"start":{"line":1,"column":46},"end":{"line":9,"column":1}},"line":1},"1":{"name":"(anonymous_1)","decl":{"start":{"line":2,"column":40},"end":{"line":2,"column":41}},"loc":{"start":{"line":2,"column":48},"end":{"line":2,"column":70}},"line":2},"2":{"name":"(anonymous_2)","decl":{"start":{"line":5,"column":29},"end":{"line":5,"column":30}},"loc":{"start":{"line":5,"column":41},"end":{"line":5,"column":127}},"line":5},"3":{"name":"(anonymous_3)","decl":{"start":{"line":11,"column":27},"end":{"line":11,"column":28}},"loc":{"start":{"line":11,"column":56},"end":{"line":19,"column":1}},"line":11},"4":{"name":"(anonymous_4)","decl":{"start":{"line":12,"column":41},"end":{"line":12,"column":42}},"loc":{"start":{"line":12,"column":49},"end":{"line":12,"column":77}},"line":12},"5":{"name":"(anonymous_5)","decl":{"start":{"line":15,"column":32},"end":{"line":15,"column":33}},"loc":{"start":{"line":15,"column":40},"end":{"line":15,"column":67}},"line":15},"6":{"name":"(anonymous_6)","decl":{"start":{"line":17,"column":29},"end":{"line":17,"column":30}},"loc":{"start":{"line":17,"column":37},"end":{"line":17,"column":112}},"line":17}},"branchMap":{"0":{"loc":{"start":{"line":4,"column":4},"end":{"line":8,"column":5}},"type":"if","locations":[{"start":{"line":4,"column":4},"end":{"line":8,"column":5}},{"start":{"line":4,"column":4},"end":{"line":8,"column":5}}],"line":4},"1":{"loc":{"start":{"line":5,"column":41},"end":{"line":5,"column":127}},"type":"cond-expr","locations":[{"start":{"line":5,"column":70},"end":{"line":5,"column":116}},{"start":{"line":5,"column":119},"end":{"line":5,"column":127}}],"line":5},"2":{"loc":{"start":{"line":14,"column":4},"end":{"line":18,"column":5}},"type":"if","locations":[{"start":{"line":14,"column":4},"end":{"line":18,"column":5}},{"start":{"line":14,"column":4},"end":{"line":18,"column":5}}],"line":14},"3":{"loc":{"start":{"line":17,"column":37},"end":{"line":17,"column":112}},"type":"cond-expr","locations":[{"start":{"line":17,"column":67},"end":{"line":17,"column":105}},{"start":{"line":17,"column":108},"end":{"line":17,"column":112}}],"line":17}},"s":{"0":1,"1":1,"2":0,"3":1,"4":0,"5":0,"6":1,"7":1,"8":1,"9":1,"10":1,"11":0,"12":0,"13":1,"14":1},"f":{"0":1,"1":0,"2":0,"3":1,"4":1,"5":0,"6":1},"b":{"0":[0,1],"1":[0,0],"2":[0,1],"3":[1,0]},"_coverageSchema":"43e27e138ebf9cfc5966b082cf9a028302ed4184","hash":"405b16765a0d7063bd0a1d75c5b828fe0721019f"}
,"C:\\projects\\clothing\\client\\src\\services\\shopData.js": {"path":"C:\\projects\\clothing\\client\\src\\services\\shopData.js","statementMap":{"0":{"start":{"line":3,"column":18},"end":{"line":249,"column":1}}},"fnMap":{},"branchMap":{},"s":{"0":0},"f":{},"b":{},"hash":"2f9def35ded3fa6edbaed3949866b363eb36d8a7"}
}
